<?xml version="1.0" encoding="UTF-8"?>
<!-- Generated by org.testng.reporters.JUnitReportReporter -->
<testsuite hostname="Rajib" failures="0" tests="1" name="tests.AppTest" time="21.966" errors="0" timestamp="2024-10-13T14:40:05 IST" skipped="0">
  <testcase classname="tests.AppTest" name="appFlow" time="21.966"/>
  <system-out/>
</testsuite> <!-- tests.AppTest -->
