<?xml version="1.0" encoding="UTF-8"?>
<!-- Generated by org.testng.reporters.JUnitReportReporter -->
<testsuite hostname="Rajib" failures="0" tests="1" name="tests.baseClass" time="0.005" errors="0" timestamp="2024-10-12T18:37:24 IST" skipped="0">
  <testcase classname="tests.baseClass" name="sample" time="0.005"/>
  <system-out/>
</testsuite> <!-- tests.baseClass -->
